C:\USERS\JKANEKO\DOCUMENTS\VISUAL STUDIO 2012\PROJECTS\CONSOLEAPPLICATION25\CONSOLEAPPLICATION25\DEBUG\SIZEN.OBJ
C:\USERS\JKANEKO\DOCUMENTS\VISUAL STUDIO 2012\PROJECTS\CONSOLEAPPLICATION25\CONSOLEAPPLICATION25\DEBUG\UNCHI.OBJ
C:\USERS\JKANEKO\DOCUMENTS\VISUAL STUDIO 2012\PROJECTS\CONSOLEAPPLICATION25\CONSOLEAPPLICATION25\DEBUG\VC110.PDB
C:\USERS\JKANEKO\DOCUMENTS\VISUAL STUDIO 2012\PROJECTS\CONSOLEAPPLICATION25\DEBUG\CONSOLEAPPLICATION25.ILK
C:\USERS\JKANEKO\DOCUMENTS\VISUAL STUDIO 2012\PROJECTS\CONSOLEAPPLICATION25\DEBUG\CONSOLEAPPLICATION25.EXE
C:\USERS\JKANEKO\DOCUMENTS\VISUAL STUDIO 2012\PROJECTS\CONSOLEAPPLICATION25\DEBUG\CONSOLEAPPLICATION25.PDB
C:\Users\jkaneko\Documents\Visual Studio 2012\Projects\ConsoleApplication25\ConsoleApplication25\Debug\sizen.obj
C:\Users\jkaneko\Documents\Visual Studio 2012\Projects\ConsoleApplication25\ConsoleApplication25\Debug\unchi.obj
C:\Users\jkaneko\Documents\Visual Studio 2012\Projects\ConsoleApplication25\ConsoleApplication25\Debug\cl.command.1.tlog
C:\Users\jkaneko\Documents\Visual Studio 2012\Projects\ConsoleApplication25\ConsoleApplication25\Debug\CL.read.1.tlog
C:\Users\jkaneko\Documents\Visual Studio 2012\Projects\ConsoleApplication25\ConsoleApplication25\Debug\CL.write.1.tlog
C:\Users\jkaneko\Documents\Visual Studio 2012\Projects\ConsoleApplication25\ConsoleApplication25\Debug\link-cvtres.read.1.tlog
C:\Users\jkaneko\Documents\Visual Studio 2012\Projects\ConsoleApplication25\ConsoleApplication25\Debug\link-cvtres.write.1.tlog
C:\Users\jkaneko\Documents\Visual Studio 2012\Projects\ConsoleApplication25\ConsoleApplication25\Debug\link-rc.read.1.tlog
C:\Users\jkaneko\Documents\Visual Studio 2012\Projects\ConsoleApplication25\ConsoleApplication25\Debug\link-rc.write.1.tlog
C:\Users\jkaneko\Documents\Visual Studio 2012\Projects\ConsoleApplication25\ConsoleApplication25\Debug\link.2556-cvtres.read.1.tlog
C:\Users\jkaneko\Documents\Visual Studio 2012\Projects\ConsoleApplication25\ConsoleApplication25\Debug\link.2556-cvtres.write.1.tlog
C:\Users\jkaneko\Documents\Visual Studio 2012\Projects\ConsoleApplication25\ConsoleApplication25\Debug\link.2556-rc.read.1.tlog
C:\Users\jkaneko\Documents\Visual Studio 2012\Projects\ConsoleApplication25\ConsoleApplication25\Debug\link.2556-rc.write.1.tlog
C:\Users\jkaneko\Documents\Visual Studio 2012\Projects\ConsoleApplication25\ConsoleApplication25\Debug\link.2556.read.1.tlog
C:\Users\jkaneko\Documents\Visual Studio 2012\Projects\ConsoleApplication25\ConsoleApplication25\Debug\link.2556.write.1.tlog
C:\Users\jkaneko\Documents\Visual Studio 2012\Projects\ConsoleApplication25\ConsoleApplication25\Debug\link.6424-cvtres.read.1.tlog
C:\Users\jkaneko\Documents\Visual Studio 2012\Projects\ConsoleApplication25\ConsoleApplication25\Debug\link.6424-cvtres.write.1.tlog
C:\Users\jkaneko\Documents\Visual Studio 2012\Projects\ConsoleApplication25\ConsoleApplication25\Debug\link.6424-rc.read.1.tlog
C:\Users\jkaneko\Documents\Visual Studio 2012\Projects\ConsoleApplication25\ConsoleApplication25\Debug\link.6424-rc.write.1.tlog
C:\Users\jkaneko\Documents\Visual Studio 2012\Projects\ConsoleApplication25\ConsoleApplication25\Debug\link.6424.read.1.tlog
C:\Users\jkaneko\Documents\Visual Studio 2012\Projects\ConsoleApplication25\ConsoleApplication25\Debug\link.6424.write.1.tlog
C:\Users\jkaneko\Documents\Visual Studio 2012\Projects\ConsoleApplication25\ConsoleApplication25\Debug\link.7432-cvtres.read.1.tlog
C:\Users\jkaneko\Documents\Visual Studio 2012\Projects\ConsoleApplication25\ConsoleApplication25\Debug\link.7432-cvtres.write.1.tlog
C:\Users\jkaneko\Documents\Visual Studio 2012\Projects\ConsoleApplication25\ConsoleApplication25\Debug\link.7432-rc.read.1.tlog
C:\Users\jkaneko\Documents\Visual Studio 2012\Projects\ConsoleApplication25\ConsoleApplication25\Debug\link.7432-rc.write.1.tlog
C:\Users\jkaneko\Documents\Visual Studio 2012\Projects\ConsoleApplication25\ConsoleApplication25\Debug\link.7432.read.1.tlog
C:\Users\jkaneko\Documents\Visual Studio 2012\Projects\ConsoleApplication25\ConsoleApplication25\Debug\link.7432.write.1.tlog
C:\Users\jkaneko\Documents\Visual Studio 2012\Projects\ConsoleApplication25\ConsoleApplication25\Debug\link.8508-cvtres.read.1.tlog
C:\Users\jkaneko\Documents\Visual Studio 2012\Projects\ConsoleApplication25\ConsoleApplication25\Debug\link.8508-cvtres.write.1.tlog
C:\Users\jkaneko\Documents\Visual Studio 2012\Projects\ConsoleApplication25\ConsoleApplication25\Debug\link.8508-rc.read.1.tlog
C:\Users\jkaneko\Documents\Visual Studio 2012\Projects\ConsoleApplication25\ConsoleApplication25\Debug\link.8508-rc.write.1.tlog
C:\Users\jkaneko\Documents\Visual Studio 2012\Projects\ConsoleApplication25\ConsoleApplication25\Debug\link.8508.read.1.tlog
C:\Users\jkaneko\Documents\Visual Studio 2012\Projects\ConsoleApplication25\ConsoleApplication25\Debug\link.8508.write.1.tlog
C:\Users\jkaneko\Documents\Visual Studio 2012\Projects\ConsoleApplication25\ConsoleApplication25\Debug\link.command.1.tlog
C:\Users\jkaneko\Documents\Visual Studio 2012\Projects\ConsoleApplication25\ConsoleApplication25\Debug\link.read.1.tlog
C:\Users\jkaneko\Documents\Visual Studio 2012\Projects\ConsoleApplication25\ConsoleApplication25\Debug\link.write.1.tlog
C:\Users\jkaneko\Documents\Visual Studio 2012\Projects\ConsoleApplication25\ConsoleApplication25\Debug\vc110.idb
C:\Users\jkaneko\Documents\Visual Studio 2012\Projects\ConsoleApplication25\ConsoleApplication25\Debug\vc110.pdb
C:\Users\jkaneko\Documents\Visual Studio 2012\Projects\ConsoleApplication25\Debug\ConsoleApplication25.pdb
C:\Users\jkaneko\Documents\Visual Studio 2012\Projects\ConsoleApplication25\Debug\ConsoleApplication25.exe
C:\Users\jkaneko\Documents\Visual Studio 2012\Projects\ConsoleApplication25\Debug\ConsoleApplication25.ilk
